#
# There is insufficient memory for the Java Runtime Environment to continue.
# Native memory allocation (malloc) failed to allocate 458976 bytes for Chunk::new
# Possible reasons:
#   The system is out of physical RAM or swap space
#   In 32 bit mode, the process size limit was hit
# Possible solutions:
#   Reduce memory load on the system
#   Increase physical memory or swap space
#   Check if swap backing store is full
#   Use 64 bit Java on a 64 bit OS
#   Decrease Java heap size (-Xmx/-Xms)
#   Decrease number of Java threads
#   Decrease Java thread stack sizes (-Xss)
#   Set larger code cache with -XX:ReservedCodeCacheSize=
# This output file may be truncated or incomplete.
#
#  Out of Memory Error (allocation.cpp:390), pid=23636, tid=22664
#
# JRE version: Java(TM) SE Runtime Environment (8.0_45-b15) (build 1.8.0_45-b15)
# Java VM: Java HotSpot(TM) 64-Bit Server VM (25.45-b02 mixed mode windows-amd64 compressed oops)
# Failed to write core dump. Minidumps are not enabled by default on client versions of Windows
#

---------------  T H R E A D  ---------------

Current thread (0x000000001e7a7000):  JavaThread "C2 CompilerThread2" daemon [_thread_in_native, id=22664, stack(0x000000001ef10000,0x000000001f010000)]

Stack: [0x000000001ef10000,0x000000001f010000]
Native frames: (J=compiled Java code, j=interpreted, Vv=VM code, C=native code)
V  [jvm.dll+0x32b57a]


Current CompileTask:
C2:  49976 6254       4       org.codehaus.plexus.classworlds.realm.Entry::matches (282 bytes)


---------------  P R O C E S S  ---------------

Java Threads: ( => current thread )
  0x00000000217bc000 JavaThread "elasticsearch[_client_][transport_client_boss][T#15]" daemon [_thread_in_native, id=2404, stack(0x000000002bde0000,0x000000002bee0000)]
  0x00000000217bf000 JavaThread "elasticsearch[_client_][generic][T#4]" daemon [_thread_blocked, id=16360, stack(0x000000002b8e0000,0x000000002b9e0000)]
  0x00000000217b1800 JavaThread "elasticsearch[_client_][generic][T#3]" daemon [_thread_blocked, id=18784, stack(0x000000002b7e0000,0x000000002b8e0000)]
  0x00000000217b8800 JavaThread "elasticsearch[_client_][generic][T#2]" daemon [_thread_blocked, id=22624, stack(0x000000002b6e0000,0x000000002b7e0000)]
  0x00000000217b1000 JavaThread "elasticsearch[_client_][transport_client_boss][T#14]" daemon [_thread_in_native, id=21284, stack(0x000000002a4d0000,0x000000002a5d0000)]
  0x00000000217b2800 JavaThread "elasticsearch[_client_][transport_client_boss][T#13]" daemon [_thread_in_native, id=1712, stack(0x000000002a3d0000,0x000000002a4d0000)]
  0x00000000217b3000 JavaThread "elasticsearch[_client_][transport_client_boss][T#12]" daemon [_thread_in_native, id=22032, stack(0x000000002a2d0000,0x000000002a3d0000)]
  0x00000000217b4800 JavaThread "elasticsearch[_client_][transport_client_boss][T#11]" daemon [_thread_in_native, id=1444, stack(0x000000002a1d0000,0x000000002a2d0000)]
  0x00000000217b7000 JavaThread "elasticsearch[_client_][transport_client_boss][T#10]" daemon [_thread_in_native, id=7016, stack(0x000000002a0d0000,0x000000002a1d0000)]
  0x00000000217b5800 JavaThread "elasticsearch[_client_][transport_client_boss][T#9]" daemon [_thread_in_native, id=24024, stack(0x0000000029fd0000,0x000000002a0d0000)]
  0x00000000217b7800 JavaThread "elasticsearch[_client_][transport_client_boss][T#8]" daemon [_thread_in_native, id=21280, stack(0x0000000029ed0000,0x0000000029fd0000)]
  0x00000000217b6000 JavaThread "elasticsearch[_client_][transport_client_boss][T#7]" daemon [_thread_in_native, id=23656, stack(0x0000000029dd0000,0x0000000029ed0000)]
  0x00000000217b4000 JavaThread "elasticsearch[_client_][transport_client_boss][T#6]" daemon [_thread_in_native, id=10320, stack(0x0000000029cd0000,0x0000000029dd0000)]
  0x0000000022b27800 JavaThread "elasticsearch[_client_][transport_client_boss][T#5]" daemon [_thread_in_native, id=21932, stack(0x0000000029bd0000,0x0000000029cd0000)]
  0x0000000022b27000 JavaThread "elasticsearch[_client_][transport_client_boss][T#4]" daemon [_thread_in_native, id=23912, stack(0x0000000029ad0000,0x0000000029bd0000)]
  0x0000000022b24000 JavaThread "elasticsearch[_client_][transport_client_boss][T#3]" daemon [_thread_in_native, id=21776, stack(0x00000000299d0000,0x0000000029ad0000)]
  0x0000000022b29000 JavaThread "elasticsearch[_client_][transport_client_boss][T#2]" daemon [_thread_in_native, id=22880, stack(0x00000000298d0000,0x00000000299d0000)]
  0x0000000022b26000 JavaThread "elasticsearch[_client_][generic][T#1]" daemon [_thread_blocked, id=23872, stack(0x00000000297d0000,0x00000000298d0000)]
  0x0000000022b25800 JavaThread "threadDeathWatcher-2-1" daemon [_thread_blocked, id=960, stack(0x00000000286c0000,0x00000000287c0000)]
  0x0000000022b28800 JavaThread "elasticsearch[_client_][transport_client_boss][T#1]" daemon [_thread_in_native, id=22264, stack(0x00000000284c0000,0x00000000285c0000)]
  0x0000000022b2a000 JavaThread "elasticsearch[_client_][scheduler][T#1]" daemon [_thread_blocked, id=13076, stack(0x0000000026d40000,0x0000000026e40000)]
  0x0000000022b2a800 JavaThread "elasticsearch[_client_][[timer]]" daemon [_thread_blocked, id=22140, stack(0x00000000269f0000,0x0000000026af0000)]
  0x0000000020822800 JavaThread "Session-HouseKeeper-e26af6" [_thread_blocked, id=18464, stack(0x00000000266f0000,0x00000000267f0000)]
  0x00000000219d3800 JavaThread "qtp1519173630-22" [_thread_blocked, id=2984, stack(0x00000000263f0000,0x00000000264f0000)]
  0x000000002418d800 JavaThread "qtp1519173630-21" [_thread_blocked, id=6440, stack(0x0000000024f50000,0x0000000025050000)]
  0x0000000020856000 JavaThread "qtp1519173630-20" [_thread_blocked, id=21520, stack(0x0000000024e50000,0x0000000024f50000)]
  0x0000000023c46800 JavaThread "qtp1519173630-19" [_thread_blocked, id=2712, stack(0x0000000024d50000,0x0000000024e50000)]
  0x0000000023c46000 JavaThread "qtp1519173630-18" [_thread_blocked, id=20712, stack(0x0000000024c50000,0x0000000024d50000)]
  0x0000000023c45800 JavaThread "qtp1519173630-17" [_thread_blocked, id=20652, stack(0x0000000024b50000,0x0000000024c50000)]
  0x000000001e986800 JavaThread "qtp1519173630-16" [_thread_blocked, id=21092, stack(0x0000000024a50000,0x0000000024b50000)]
  0x000000001e986000 JavaThread "qtp1519173630-15" [_thread_blocked, id=17052, stack(0x0000000024950000,0x0000000024a50000)]
  0x000000001e985000 JavaThread "qtp1519173630-14" [_thread_blocked, id=20620, stack(0x0000000023330000,0x0000000023430000)]
  0x000000001e83f000 JavaThread "Service Thread" daemon [_thread_blocked, id=20736, stack(0x000000001f110000,0x000000001f210000)]
  0x000000001e7cb000 JavaThread "C1 CompilerThread3" daemon [_thread_blocked, id=2600, stack(0x000000001f010000,0x000000001f110000)]
=>0x000000001e7a7000 JavaThread "C2 CompilerThread2" daemon [_thread_in_native, id=22664, stack(0x000000001ef10000,0x000000001f010000)]
  0x000000001e7a3000 JavaThread "C2 CompilerThread1" daemon [_thread_in_native, id=24184, stack(0x000000001ee10000,0x000000001ef10000)]
  0x000000001e796800 JavaThread "C2 CompilerThread0" daemon [_thread_in_native, id=23568, stack(0x000000001ed10000,0x000000001ee10000)]
  0x000000001e794800 JavaThread "Attach Listener" daemon [_thread_blocked, id=24544, stack(0x000000001ec10000,0x000000001ed10000)]
  0x000000001e793800 JavaThread "Signal Dispatcher" daemon [_thread_blocked, id=11208, stack(0x000000001eb10000,0x000000001ec10000)]
  0x0000000002d2a800 JavaThread "Finalizer" daemon [_thread_blocked, id=3228, stack(0x000000001e610000,0x000000001e710000)]
  0x0000000002d24000 JavaThread "Reference Handler" daemon [_thread_blocked, id=7164, stack(0x000000001e510000,0x000000001e610000)]
  0x0000000002c2d800 JavaThread "main" [_thread_blocked, id=9876, stack(0x0000000002a40000,0x0000000002b40000)]

Other Threads:
  0x000000001c739800 VMThread [stack: 0x000000001e410000,0x000000001e510000] [id=5504]
  0x000000001e81e000 WatcherThread [stack: 0x000000001f210000,0x000000001f310000] [id=21116]

VM state:at safepoint (normal execution)

VM Mutex/Monitor currently owned by a thread:  ([mutex/lock_event])
[0x0000000002c2c840] Threads_lock - owner thread: 0x000000001c739800
[0x0000000002c309d0] Heap_lock - owner thread: 0x0000000002c2d800

Heap:
 PSYoungGen      total 281088K, used 62333K [0x000000076b500000, 0x000000077ff00000, 0x00000007c0000000)
  eden space 238592K, 26% used [0x000000076b500000,0x000000076f1df768,0x0000000779e00000)
  from space 42496K, 0% used [0x000000077cc00000,0x000000077cc00000,0x000000077f580000)
  to   space 47104K, 2% used [0x0000000779e00000,0x0000000779f28000,0x000000077cc00000)
 ParOldGen       total 213504K, used 94467K [0x00000006c1e00000, 0x00000006cee80000, 0x000000076b500000)
  object space 213504K, 44% used [0x00000006c1e00000,0x00000006c7a40e88,0x00000006cee80000)
 Metaspace       used 59847K, capacity 61911K, committed 61972K, reserved 1107968K
  class space    used 7568K, capacity 8210K, committed 8212K, reserved 1048576K

Card table byte_map: [0x00000000120f0000,0x00000000128f0000] byte_map_base: 0x000000000eae1000

Marking Bits: (ParMarkBitMap*) 0x0000000058e84040
 Begin Bits: [0x0000000013640000, 0x00000000175c8000)
 End Bits:   [0x00000000175c8000, 0x000000001b550000)

Polling page: 0x00000000009d0000

CodeCache: size=245760Kb used=18362Kb max_used=20260Kb free=227397Kb
 bounds [0x0000000002d30000, 0x0000000004110000, 0x0000000011d30000]
 total_blobs=5787 nmethods=5177 adapters=521
 compilation: enabled

Compilation events (10 events):
Event: 49.945 Thread 0x000000001e7cb000 nmethod 6250 0x0000000003aa6ad0 code [0x0000000003aa6c20, 0x0000000003aa6d30]
Event: 49.945 Thread 0x000000001e7cb000 6251       3       sun.misc.URLClassPath$1::hasMoreElements (5 bytes)
Event: 49.946 Thread 0x000000001e7cb000 nmethod 6251 0x0000000003bccad0 code [0x0000000003bccc40, 0x0000000003bccdc8]
Event: 49.946 Thread 0x000000001e7cb000 6252       3       org.codehaus.plexus.classworlds.strategy.AbstractStrategy::addAll (30 bytes)
Event: 49.946 Thread 0x000000001e7cb000 nmethod 6252 0x0000000002f01950 code [0x0000000002f01ae0, 0x0000000002f01f68]
Event: 49.946 Thread 0x000000001e7cb000 6253       3       sun.misc.CompoundEnumeration::next (58 bytes)
Event: 49.947 Thread 0x000000001e7cb000 nmethod 6253 0x000000000386bdd0 code [0x000000000386bf60, 0x000000000386c2e8]
Event: 49.948 Thread 0x000000001e7a7000 6254       4       org.codehaus.plexus.classworlds.realm.Entry::matches (282 bytes)
Event: 49.950 Thread 0x000000001e7a3000 6255       4       org.eclipse.jetty.webapp.WebAppClassLoader::loadAsResource (84 bytes)
Event: 49.957 Thread 0x000000001e796800 6256   !   4       org.eclipse.jetty.webapp.WebAppClassLoader::loadClass (424 bytes)

GC Heap History (10 events):
Event: 11.590 GC heap before
{Heap before GC invocations=17 (full 1):
 PSYoungGen      total 285696K, used 117892K [0x000000076b500000, 0x000000077ff00000, 0x00000007c0000000)
  eden space 238592K, 34% used [0x000000076b500000,0x000000077052a5d8,0x0000000779e00000)
  from space 47104K, 76% used [0x0000000779e00000,0x000000077c0f6b48,0x000000077cc00000)
  to   space 42496K, 0% used [0x000000077cc00000,0x000000077cc00000,0x000000077f580000)
 ParOldGen       total 124928K, used 101752K [0x00000006c1e00000, 0x00000006c9800000, 0x000000076b500000)
  object space 124928K, 81% used [0x00000006c1e00000,0x00000006c815e128,0x00000006c9800000)
 Metaspace       used 34236K, capacity 35140K, committed 35416K, reserved 1081344K
  class space    used 4041K, capacity 4258K, committed 4352K, reserved 1048576K
Event: 11.597 GC heap after
Heap after GC invocations=17 (full 1):
 PSYoungGen      total 281088K, used 5032K [0x000000076b500000, 0x000000077ff00000, 0x00000007c0000000)
  eden space 238592K, 0% used [0x000000076b500000,0x000000076b500000,0x0000000779e00000)
  from space 42496K, 11% used [0x000000077cc00000,0x000000077d0ea1c8,0x000000077f580000)
  to   space 47104K, 0% used [0x0000000779e00000,0x0000000779e00000,0x000000077cc00000)
 ParOldGen       total 124928K, used 108454K [0x00000006c1e00000, 0x00000006c9800000, 0x000000076b500000)
  object space 124928K, 86% used [0x00000006c1e00000,0x00000006c87e98a8,0x00000006c9800000)
 Metaspace       used 34236K, capacity 35140K, committed 35416K, reserved 1081344K
  class space    used 4041K, capacity 4258K, committed 4352K, reserved 1048576K
}
Event: 11.597 GC heap before
{Heap before GC invocations=18 (full 2):
 PSYoungGen      total 281088K, used 5032K [0x000000076b500000, 0x000000077ff00000, 0x00000007c0000000)
  eden space 238592K, 0% used [0x000000076b500000,0x000000076b500000,0x0000000779e00000)
  from space 42496K, 11% used [0x000000077cc00000,0x000000077d0ea1c8,0x000000077f580000)
  to   space 47104K, 0% used [0x0000000779e00000,0x0000000779e00000,0x000000077cc00000)
 ParOldGen       total 124928K, used 108454K [0x00000006c1e00000, 0x00000006c9800000, 0x000000076b500000)
  object space 124928K, 86% used [0x00000006c1e00000,0x00000006c87e98a8,0x00000006c9800000)
 Metaspace       used 34236K, capacity 35140K, committed 35416K, reserved 1081344K
  class space    used 4041K, capacity 4258K, committed 4352K, reserved 1048576K
Event: 11.738 GC heap after
Heap after GC invocations=18 (full 2):
 PSYoungGen      total 281088K, used 0K [0x000000076b500000, 0x000000077ff00000, 0x00000007c0000000)
  eden space 238592K, 0% used [0x000000076b500000,0x000000076b500000,0x0000000779e00000)
  from space 42496K, 0% used [0x000000077cc00000,0x000000077cc00000,0x000000077f580000)
  to   space 47104K, 0% used [0x0000000779e00000,0x0000000779e00000,0x000000077cc00000)
 ParOldGen       total 213504K, used 76804K [0x00000006c1e00000, 0x00000006cee80000, 0x000000076b500000)
  object space 213504K, 35% used [0x00000006c1e00000,0x00000006c6901038,0x00000006cee80000)
 Metaspace       used 34175K, capacity 34974K, committed 35416K, reserved 1081344K
  class space    used 4017K, capacity 4217K, committed 4352K, reserved 1048576K
}
Event: 19.304 GC heap before
{Heap before GC invocations=19 (full 2):
 PSYoungGen      total 281088K, used 235239K [0x000000076b500000, 0x000000077ff00000, 0x00000007c0000000)
  eden space 238592K, 98% used [0x000000076b500000,0x0000000779ab9c00,0x0000000779e00000)
  from space 42496K, 0% used [0x000000077cc00000,0x000000077cc00000,0x000000077f580000)
  to   space 47104K, 0% used [0x0000000779e00000,0x0000000779e00000,0x000000077cc00000)
 ParOldGen       total 213504K, used 76804K [0x00000006c1e00000, 0x00000006cee80000, 0x000000076b500000)
  object space 213504K, 35% used [0x00000006c1e00000,0x00000006c6901038,0x00000006cee80000)
 Metaspace       used 56292K, capacity 58264K, committed 58368K, reserved 1099776K
  class space    used 7029K, capacity 7622K, committed 7680K, reserved 1048576K
Event: 19.314 GC heap after
Heap after GC invocations=19 (full 2):
 PSYoungGen      total 285696K, used 26231K [0x000000076b500000, 0x000000077ff00000, 0x00000007c0000000)
  eden space 238592K, 0% used [0x000000076b500000,0x000000076b500000,0x0000000779e00000)
  from space 47104K, 55% used [0x0000000779e00000,0x000000077b79de80,0x000000077cc00000)
  to   space 42496K, 0% used [0x000000077cc00000,0x000000077cc00000,0x000000077f580000)
 ParOldGen       total 213504K, used 76812K [0x00000006c1e00000, 0x00000006cee80000, 0x000000076b500000)
  object space 213504K, 35% used [0x00000006c1e00000,0x00000006c6903038,0x00000006cee80000)
 Metaspace       used 56292K, capacity 58264K, committed 58368K, reserved 1099776K
  class space    used 7029K, capacity 7622K, committed 7680K, reserved 1048576K
}
Event: 49.424 GC heap before
{Heap before GC invocations=20 (full 2):
 PSYoungGen      total 285696K, used 64014K [0x000000076b500000, 0x000000077ff00000, 0x00000007c0000000)
  eden space 238592K, 15% used [0x000000076b500000,0x000000076d9e5c58,0x0000000779e00000)
  from space 47104K, 55% used [0x0000000779e00000,0x000000077b79de80,0x000000077cc00000)
  to   space 42496K, 0% used [0x000000077cc00000,0x000000077cc00000,0x000000077f580000)
 ParOldGen       total 213504K, used 76812K [0x00000006c1e00000, 0x00000006cee80000, 0x000000076b500000)
  object space 213504K, 35% used [0x00000006c1e00000,0x00000006c6903038,0x00000006cee80000)
 Metaspace       used 56981K, capacity 59013K, committed 59028K, reserved 1099776K
  class space    used 7189K, capacity 7813K, committed 7828K, reserved 1048576K
Event: 49.429 GC heap after
Heap after GC invocations=20 (full 2):
 PSYoungGen      total 281088K, used 17353K [0x000000076b500000, 0x000000077ff00000, 0x00000007c0000000)
  eden space 238592K, 0% used [0x000000076b500000,0x000000076b500000,0x0000000779e00000)
  from space 42496K, 40% used [0x000000077cc00000,0x000000077dcf24c8,0x000000077f580000)
  to   space 47104K, 0% used [0x0000000779e00000,0x0000000779e00000,0x000000077cc00000)
 ParOldGen       total 213504K, used 82415K [0x00000006c1e00000, 0x00000006cee80000, 0x000000076b500000)
  object space 213504K, 38% used [0x00000006c1e00000,0x00000006c6e7bf90,0x00000006cee80000)
 Metaspace       used 56981K, capacity 59013K, committed 59028K, reserved 1099776K
  class space    used 7189K, capacity 7813K, committed 7828K, reserved 1048576K
}
Event: 49.429 GC heap before
{Heap before GC invocations=21 (full 3):
 PSYoungGen      total 281088K, used 17353K [0x000000076b500000, 0x000000077ff00000, 0x00000007c0000000)
  eden space 238592K, 0% used [0x000000076b500000,0x000000076b500000,0x0000000779e00000)
  from space 42496K, 40% used [0x000000077cc00000,0x000000077dcf24c8,0x000000077f580000)
  to   space 47104K, 0% used [0x0000000779e00000,0x0000000779e00000,0x000000077cc00000)
 ParOldGen       total 213504K, used 82415K [0x00000006c1e00000, 0x00000006cee80000, 0x000000076b500000)
  object space 213504K, 38% used [0x00000006c1e00000,0x00000006c6e7bf90,0x00000006cee80000)
 Metaspace       used 56981K, capacity 59013K, committed 59028K, reserved 1099776K
  class space    used 7189K, capacity 7813K, committed 7828K, reserved 1048576K
Event: 49.679 GC heap after
Heap after GC invocations=21 (full 3):
 PSYoungGen      total 281088K, used 0K [0x000000076b500000, 0x000000077ff00000, 0x00000007c0000000)
  eden space 238592K, 0% used [0x000000076b500000,0x000000076b500000,0x0000000779e00000)
  from space 42496K, 0% used [0x000000077cc00000,0x000000077cc00000,0x000000077f580000)
  to   space 47104K, 0% used [0x0000000779e00000,0x0000000779e00000,0x000000077cc00000)
 ParOldGen       total 213504K, used 94459K [0x00000006c1e00000, 0x00000006cee80000, 0x000000076b500000)
  object space 213504K, 44% used [0x00000006c1e00000,0x00000006c7a3ee88,0x00000006cee80000)
 Metaspace       used 56981K, capacity 59013K, committed 59028K, reserved 1099776K
  class space    used 7189K, capacity 7813K, committed 7828K, reserved 1048576K
}

Deoptimization events (10 events):
Event: 13.566 Thread 0x0000000002c2d800 Uncommon trap: reason=class_check action=maybe_recompile pc=0x0000000003609c68 method=java.util.Collections$UnmodifiableMap$UnmodifiableEntrySet$1.<init>(Ljava/util/Collections$UnmodifiableMap$UnmodifiableEntrySet;)V @ 17
Event: 13.581 Thread 0x0000000002c2d800 Uncommon trap: reason=class_check action=maybe_recompile pc=0x00000000036f4480 method=java.util.Collections$UnmodifiableMap.size()I @ 4
Event: 13.881 Thread 0x0000000002c2d800 Uncommon trap: reason=unstable_if action=reinterpret pc=0x0000000003f5ac08 method=jdk.internal.org.objectweb.asm.Type.getArgumentsAndReturnSizes(Ljava/lang/String;)I @ 41
Event: 13.917 Thread 0x0000000002c2d800 Uncommon trap: reason=class_check action=maybe_recompile pc=0x00000000036cebcc method=java.util.Collections$UnmodifiableMap.isEmpty()Z @ 4
Event: 14.032 Thread 0x0000000002c2d800 Uncommon trap: reason=unloaded action=reinterpret pc=0x00000000034f9004 method=java.util.jar.JarFile.getInputStream(Ljava/util/zip/ZipEntry;)Ljava/io/InputStream; @ 46
Event: 14.033 Thread 0x0000000002c2d800 Uncommon trap: reason=unstable_if action=reinterpret pc=0x000000000405de04 method=java.util.jar.JarFile$JarFileEntry.getCodeSigners()[Ljava/security/CodeSigner; @ 24
Event: 14.033 Thread 0x0000000002c2d800 Uncommon trap: reason=unstable_if action=reinterpret pc=0x0000000002fe05ac method=java.security.CodeSource.getCertificates()[Ljava/security/cert/Certificate; @ 22
Event: 18.025 Thread 0x0000000002c2d800 Uncommon trap: reason=unstable_if action=reinterpret pc=0x00000000039172a8 method=java.io.WinNTFileSystem.prefixLength(Ljava/lang/String;)I @ 42
Event: 49.712 Thread 0x0000000002c2d800 Uncommon trap: reason=bimorphic action=maybe_recompile pc=0x0000000003ec1a88 method=java.util.concurrent.ConcurrentHashMap.putVal(Ljava/lang/Object;Ljava/lang/Object;Z)Ljava/lang/Object; @ 192
Event: 49.925 Thread 0x0000000002c2d800 Uncommon trap: reason=class_check action=maybe_recompile pc=0x0000000003a66c44 method=java.lang.reflect.Field.getAnnotation(Ljava/lang/Class;)Ljava/lang/annotation/Annotation; @ 19

Internal exceptions (10 events):
Event: 49.696 Thread 0x00000000217bc000 Exception <a 'java/lang/OutOfMemoryError'> (0x000000076c17cde8) thrown at [C:\re\workspace\8-2-build-windows-amd64-cygwin\jdk8u45\3627\hotspot\src\share\vm\prims\unsafe.cpp, line 602]
Event: 49.698 Thread 0x00000000217bc000 Exception <a 'java/lang/ClassCastException': java.lang.OutOfMemoryError cannot be cast to java.lang.Exception> (0x000000076c19a648) thrown at [C:\re\workspace\8-2-build-windows-amd64-cygwin\jdk8u45\3627\hotspot\src\share\vm\interpreter\interpreterRuntime.cÄπ-@‹H@
Event: 49.721 Thread 0x0000000002c2d800 Exception <a 'java/lang/NoSuchMethodError': java.lang.Object.lambda$static$0(Ljava/lang/Object;)Lorg/springframework/expression/EvaluationContext;> (0x000000076c2b5508) thrown at [C:\re\workspace\8-2-build-windows-amd64-cygwin\jdk8u45\3627\hotspot\src\shar
Event: 49.909 Thread 0x0000000002c2d800 Exception <a 'java/lang/ClassNotFoundException': org/springframework/data/elasticsearch/core/ElasticsearchTemplateBeanInfo> (0x000000076e895500) thrown at [C:\re\workspace\8-2-build-windows-amd64-cygwin\jdk8u45\3627\hotspot\src\share\vm\classfile\systemDic
Event: 49.910 Thread 0x0000000002c2d800 Exception <a 'java/lang/ClassNotFoundException': org/springframework/data/elasticsearch/core/ElasticsearchTemplateCustomizer> (0x000000076e8f17b8) thrown at [C:\re\workspace\8-2-build-windows-amd64-cygwin\jdk8u45\3627\hotspot\src\share\vm\classfile\systemDÒÓKıH@
Event: 49.916 Thread 0x0000000002c2d800 Exception <a 'java/lang/ClassNotFoundException': org/springframework/data/elasticsearch/core/ElasticsearchOperationsBeanInfo> (0x000000076e9dee18) thrown at [C:\re\workspace\8-2-build-windows-amd64-cygwin\jdk8u45\3627\hotspot\src\share\vm\classfile\systemDŸ˘m>dıH@
Event: 49.917 Thread 0x0000000002c2d800 Exception <a 'java/lang/ClassNotFoundException': org/springframework/data/elasticsearch/core/ElasticsearchOperationsCustomizer> (0x000000076ea3c3b8) thrown at [C:\re\workspace\8-2-build-windows-amd64-cygwin\jdk8u45\3627\hotspot\src\share\vm\classfile\systeÛ“’ıˆH@
Event: 49.929 Thread 0x0000000002c2d800 Exception <a 'java/lang/ClassNotFoundException': com/qhm/controller/IndexControllerBeanInfo> (0x000000076ebdf0c8) thrown at [C:\re\workspace\8-2-build-windows-amd64-cygwin\jdk8u45\3627\hotspot\src\share\vm\classfile\systemDictionary.cpp, line 210]
Event: 49.930 Thread 0x0000000002c2d800 Exception <a 'java/lang/ClassNotFoundException': com/qhm/controller/IndexControllerCustomizer> (0x000000076ec1e690) thrown at [C:\re\workspace\8-2-build-windows-amd64-cygwin\jdk8u45\3627\hotspot\src\share\vm\classfile\systemDictionary.cpp, line 210]
Event: 49.964 Thread 0x0000000002c2d800 Exception <a 'java/lang/NoClassDefFoundError': com/caucho/hessian/client/HessianConnectionFactory> (0x000000076f0e10a0) thrown at [C:\re\workspace\8-2-build-windows-amd64-cygwin\jdk8u45\3627\hotspot\src\share\vm\classfile\systemDictionary.cpp, line 199]

Events (10 events):
Event: 49.930 loading class com/qhm/controller/IndexControllerCustomizer
Event: 49.930 loading class com/qhm/controller/IndexControllerCustomizer done
Event: 49.960 loading class java/rmi/RemoteException
Event: 49.960 loading class java/rmi/RemoteException done
Event: 49.964 loading class com/caucho/hessian/client/HessianConnectionFactory
Event: 49.964 loading class com/caucho/hessian/client/HessianConnectionFactory done
Event: 49.964 loading class com/caucho/hessian/client/HessianConnectionFactory
Event: 49.964 loading class com/caucho/hessian/client/HessianConnectionFactory done
Event: 49.964 loading class com/caucho/hessian/client/HessianConnectionFactory
Event: 49.964 loading class com/caucho/hessian/client/HessianConnectionFactory done


Dynamic libraries:
0x00007ff6450e0000 - 0x00007ff645117000 	C:\Program Files\Java\jdk1.8.0_45\bin\javaw.exe
0x00007ffdb5e50000 - 0x00007ffdb603d000 	C:\WINDOWS\SYSTEM32\ntdll.dll
0x00007ffdb3260000 - 0x00007ffdb3313000 	C:\WINDOWS\System32\KERNEL32.DLL
0x00007ffdb2a50000 - 0x00007ffdb2ce3000 	C:\WINDOWS\System32\KERNELBASE.dll
0x00007ffdb37f0000 - 0x00007ffdb3893000 	C:\WINDOWS\System32\ADVAPI32.dll
0x00007ffdb3350000 - 0x00007ffdb33ee000 	C:\WINDOWS\System32\msvcrt.dll
0x00007ffdb3910000 - 0x00007ffdb39ae000 	C:\WINDOWS\System32\sechost.dll
0x00007ffdb5b00000 - 0x00007ffdb5c22000 	C:\WINDOWS\System32\RPCRT4.dll
0x00007ffdb5310000 - 0x00007ffdb54a7000 	C:\WINDOWS\System32\USER32.dll
0x00007ffdb2f60000 - 0x00007ffdb2f80000 	C:\WINDOWS\System32\win32u.dll
0x00007ffdb3230000 - 0x00007ffdb3259000 	C:\WINDOWS\System32\GDI32.dll
0x00007ffdb2da0000 - 0x00007ffdb2f39000 	C:\WINDOWS\System32\gdi32full.dll
0x00007ffdb2f80000 - 0x00007ffdb3020000 	C:\WINDOWS\System32\msvcp_win.dll
0x00007ffdb2020000 - 0x00007ffdb211a000 	C:\WINDOWS\System32\ucrtbase.dll
0x00007ffd9b6f0000 - 0x00007ffd9b969000 	C:\WINDOWS\WinSxS\amd64_microsoft.windows.common-controls_6595b64144ccf1df_6.0.17763.1098_none_de762ed45346ee8a\COMCTL32.dll
0x00007ffdb33f0000 - 0x00007ffdb371c000 	C:\WINDOWS\System32\combase.dll
0x00007ffdb2d20000 - 0x00007ffdb2d9e000 	C:\WINDOWS\System32\bcryptPrimitives.dll
0x00007ffdb3c00000 - 0x00007ffdb3c2e000 	C:\WINDOWS\System32\IMM32.DLL
0x0000000058550000 - 0x0000000058622000 	C:\Program Files\Java\jdk1.8.0_45\jre\bin\msvcr100.dll
0x0000000058680000 - 0x0000000058f03000 	C:\Program Files\Java\jdk1.8.0_45\jre\bin\server\jvm.dll
0x00007ffdb3320000 - 0x00007ffdb3328000 	C:\WINDOWS\System32\PSAPI.DLL
0x00007ffdaf470000 - 0x00007ffdaf494000 	C:\WINDOWS\SYSTEM32\WINMM.dll
0x00007ffd92700000 - 0x00007ffd92709000 	C:\WINDOWS\SYSTEM32\WSOCK32.dll
0x00007ffda7a40000 - 0x00007ffda7a4a000 	C:\WINDOWS\SYSTEM32\VERSION.dll
0x00007ffdb54b0000 - 0x00007ffdb551d000 	C:\WINDOWS\System32\WS2_32.dll
0x00007ffdaf440000 - 0x00007ffdaf46d000 	C:\WINDOWS\SYSTEM32\WINMMBASE.dll
0x00007ffdb3020000 - 0x00007ffdb306a000 	C:\WINDOWS\System32\cfgmgr32.dll
0x0000000059870000 - 0x000000005987f000 	C:\Program Files\Java\jdk1.8.0_45\jre\bin\verify.dll
0x0000000059840000 - 0x0000000059869000 	C:\Program Files\Java\jdk1.8.0_45\jre\bin\java.dll
0x0000000059820000 - 0x0000000059836000 	C:\Program Files\Java\jdk1.8.0_45\jre\bin\zip.dll
0x00007ffdb3e10000 - 0x00007ffdb5304000 	C:\WINDOWS\System32\SHELL32.dll
0x00007ffdb3d60000 - 0x00007ffdb3e08000 	C:\WINDOWS\System32\shcore.dll
0x00007ffdb2300000 - 0x00007ffdb2a4d000 	C:\WINDOWS\System32\windows.storage.dll
0x00007ffdb1ee0000 - 0x00007ffdb1f04000 	C:\WINDOWS\System32\profapi.dll
0x00007ffdb1e60000 - 0x00007ffdb1ebd000 	C:\WINDOWS\System32\powrprof.dll
0x00007ffdb5ce0000 - 0x00007ffdb5d32000 	C:\WINDOWS\System32\shlwapi.dll
0x00007ffdb1e40000 - 0x00007ffdb1e51000 	C:\WINDOWS\System32\kernel.appcore.dll
0x00007ffdb2f40000 - 0x00007ffdb2f57000 	C:\WINDOWS\System32\cryptsp.dll
0x00007ffdb0e50000 - 0x00007ffdb0e83000 	C:\WINDOWS\system32\rsaenh.dll
0x00007ffdb2cf0000 - 0x00007ffdb2d16000 	C:\WINDOWS\System32\bcrypt.dll
0x00007ffdb1d70000 - 0x00007ffdb1d98000 	C:\WINDOWS\SYSTEM32\USERENV.dll
0x00007ffdb14a0000 - 0x00007ffdb14ac000 	C:\WINDOWS\SYSTEM32\CRYPTBASE.dll
0x0000000059800000 - 0x000000005981a000 	C:\Program Files\Java\jdk1.8.0_45\jre\bin\net.dll
0x00007ffdb12d0000 - 0x00007ffdb1337000 	C:\WINDOWS\system32\mswsock.dll
0x00007ffdb0ff0000 - 0x00007ffdb102d000 	C:\WINDOWS\SYSTEM32\IPHLPAPI.DLL
0x00007ffdb3070000 - 0x00007ffdb3078000 	C:\WINDOWS\System32\NSI.dll
0x00007ffda4e90000 - 0x00007ffda4ea6000 	C:\WINDOWS\SYSTEM32\dhcpcsvc6.DLL
0x00007ffda4e70000 - 0x00007ffda4e8c000 	C:\WINDOWS\SYSTEM32\dhcpcsvc.DLL
0x00007ffdb1030000 - 0x00007ffdb10f6000 	C:\WINDOWS\SYSTEM32\DNSAPI.dll
0x0000000058660000 - 0x0000000058671000 	C:\Program Files\Java\jdk1.8.0_45\jre\bin\nio.dll
0x00007ffd9c220000 - 0x00007ffd9c22a000 	C:\Users\72348\AppData\Local\Temp\jansi-1.17.1-2194758447631104958.dll
0x00007ffd9c0f0000 - 0x00007ffd9c0fa000 	C:\Users\72348\AppData\Local\Temp\jansi-1.17.1-8625630815355791541.dll
0x0000000058fc0000 - 0x0000000058fcd000 	C:\Program Files\Java\jdk1.8.0_45\jre\bin\management.dll
0x00007ffd91940000 - 0x00007ffd91956000 	C:\WINDOWS\system32\napinsp.dll
0x00007ffd91920000 - 0x00007ffd9193a000 	C:\WINDOWS\system32\pnrpnsp.dll
0x00007ffd91910000 - 0x00007ffd9191e000 	C:\WINDOWS\System32\winrnr.dll
0x00007ffdae1b0000 - 0x00007ffdae1cb000 	C:\WINDOWS\system32\NLAapi.dll
0x00007ffd91f50000 - 0x00007ffd91f65000 	C:\WINDOWS\system32\wshbth.dll
0x0000000059a70000 - 0x0000000059a96000 	C:\Program Files\Bonjour\mdnsNSP.dll
0x00007ffda1de0000 - 0x00007ffda1dea000 	C:\Windows\System32\rasadhlp.dll
0x00007ffda1bf0000 - 0x00007ffda1c69000 	C:\WINDOWS\System32\fwpuclnt.dll

VM Arguments:
jvm_args: -Dmaven.home=C:\MAVEN\apache-maven-3.6.3 -Dclassworlds.conf=D:\Java(threeWorkSpace)\.metadata\.plugins\org.eclipse.m2e.launching\launches\m2conf8040177189804749614.tmp -Dmaven.multiModuleProjectDirectory=D:\Java(threeWorkSpace)\dubbo-Shop-parent\hg_user-web -Dfile.encoding=UTF-8 
java_command: org.codehaus.plexus.classworlds.launcher.Launcher -B jetty:run
java_class_path (initial): C:\MAVEN\apache-maven-3.6.3\boot\plexus-classworlds-2.6.0.jar
Launcher Type: SUN_STANDARD

Environment Variables:
JAVA_HOME=C:\Program Files\Java\jdk1.8.0_45
PATH=C:/Program Files/Java/jdk1.8.0_45/bin/../jre/bin/server;C:/Program Files/Java/jdk1.8.0_45/bin/../jre/bin;C:/Program Files/Java/jdk1.8.0_45/bin/../jre/lib/amd64;C:\Program Files\Java\jdk1.8.0_45\bin;C:\Program Files\NVIDIA Corporation\NVIDIA NvDLISR;"C:\WINDOWS\system32;C:\WINDOWS;C:\WINDOWS\System32\Wbem;";C:\Program Files\nodejs\;C:\Program Files (x86)\Common Files\Thunder Network\KanKan\Codecs;C:\Users\72348\AppData\Local\Microsoft\WindowsApps;C:\Program Files\MySQL\MySQL Server 5.5\bin;C:\Users\72348\AppData\Local\BypassRuntm;C:\Users\72348\AppData\Roaming\npm;C:\java±‡“Î∆˜\eclipse;
USERNAME=72348
OS=Windows_NT
PROCESSOR_IDENTIFIER=Intel64 Family 6 Model 158 Stepping 9, GenuineIntel



---------------  S Y S T E M  ---------------

OS: Windows 10.0 , 64 bit Build 17763 (10.0.17763.475)

CPU:total 8 (4 cores per cpu, 2 threads per core) family 6 model 158 stepping 9, cmov, cx8, fxsr, mmx, sse, sse2, sse3, ssse3, sse4.1, sse4.2, popcnt, avx, avx2, aes, clmul, erms, 3dnowpref, lzcnt, ht, tsc, tscinvbit, bmi1, bmi2, adx

Memory: 4k page, physical 16653212k(5612320k free), swap 18551796k(5132k free)

vm_info: Java HotSpot(TM) 64-Bit Server VM (25.45-b02) for windows-amd64 JRE (1.8.0_45-b15), built on Apr 30 2015 12:40:44 by "java_re" with MS VC++ 10.0 (VS2010)

time: Fri Mar 13 20:51:48 2020
elapsed time: 49 seconds (0d 0h 0m 49s)

